<?xml version="1.0" encoding="UTF-8"?>
<testng-results ignored="0" total="1" passed="1" failed="0" skipped="0">
  <reporter-output>
  </reporter-output>
  <suite started-at="2024-03-01T12:22:31 IST" name="SauceDemoTest" finished-at="2024-03-01T12:22:35 IST" duration-ms="3837">
    <groups>
      <group name="cucumber">
        <method signature="AbstractTestNGCucumberTests.runScenario(io.cucumber.testng.PickleWrapper,io.cucumber.testng.FeatureWrapper)[pri:0, instance:com.saucedemo.config.TestRunner@51850751]" name="runScenario" class="io.cucumber.testng.AbstractTestNGCucumberTests"/>
      </group> <!-- cucumber -->
    </groups>
    <test started-at="2024-03-01T12:22:31 IST" name="Test" finished-at="2024-03-01T12:22:35 IST" duration-ms="3837">
      <class name="com.saucedemo.utils.Hooks">
        <test-method is-config="true" signature="setupDriver()[pri:0, instance:com.saucedemo.utils.Hooks@292d1c71]" started-at="2024-03-01T12:22:29 IST" name="setupDriver" finished-at="2024-03-01T12:22:31 IST" duration-ms="1525" status="PASS">
          <reporter-output>
          </reporter-output>
        </test-method> <!-- setupDriver -->
      </class> <!-- com.saucedemo.utils.Hooks -->
      <class name="com.saucedemo.config.TestRunner">
        <test-method is-config="true" signature="setUpClass(org.testng.ITestContext)[pri:0, instance:com.saucedemo.config.TestRunner@51850751]" started-at="2024-03-01T12:22:31 IST" name="setUpClass" finished-at="2024-03-01T12:22:32 IST" duration-ms="609" status="PASS">
          <params>
            <param index="0">
              <value>
                <![CDATA[org.testng.TestRunner@5103eea2]]>
              </value>
            </param>
          </params>
          <reporter-output>
          </reporter-output>
        </test-method> <!-- setUpClass -->
        <test-method signature="runScenario(io.cucumber.testng.PickleWrapper,io.cucumber.testng.FeatureWrapper)[pri:0, instance:com.saucedemo.config.TestRunner@51850751]" started-at="2024-03-01T12:22:32 IST" name="runScenario" description="Runs Cucumber Scenarios" data-provider="scenarios" finished-at="2024-03-01T12:22:33 IST" duration-ms="1304" status="PASS">
          <params>
            <param index="0">
              <value>
                <![CDATA["Add the products to cart and checkout and verify products displayed on the checkout page."]]>
              </value>
            </param>
            <param index="1">
              <value>
                <![CDATA["Navigate to Saucedemo application"]]>
              </value>
            </param>
          </params>
          <reporter-output>
          </reporter-output>
        </test-method> <!-- runScenario -->
        <test-method is-config="true" signature="tearDownClass()[pri:0, instance:com.saucedemo.config.TestRunner@51850751]" started-at="2024-03-01T12:22:33 IST" name="tearDownClass" finished-at="2024-03-01T12:22:35 IST" duration-ms="1896" status="PASS">
          <reporter-output>
          </reporter-output>
        </test-method> <!-- tearDownClass -->
      </class> <!-- com.saucedemo.config.TestRunner -->
    </test> <!-- Test -->
  </suite> <!-- SauceDemoTest -->
</testng-results>
